<?xml version="1.0" encoding="UTF-8"?>
<testng-results ignored="0" total="1" passed="1" failed="0" skipped="0">
  <reporter-output>
  </reporter-output>
  <suite started-at="2024-11-15T17:52:42 IST" name="Suite" finished-at="2024-11-15T17:52:55 IST" duration-ms="12815">
    <groups>
    </groups>
    <test started-at="2024-11-15T17:52:42 IST" name="Test" finished-at="2024-11-15T17:52:55 IST" duration-ms="12815">
      <class name="com.AutomationTestCases.testscripts.E2eTestScript">
        <test-method is-config="true" signature="setup()[pri:0, instance:com.AutomationTestCases.testscripts.E2eTestScript@4f6ee6e4]" started-at="2024-11-15T17:52:42 IST" name="setup" finished-at="2024-11-15T17:52:49 IST" duration-ms="6804" status="PASS">
          <reporter-output>
          </reporter-output>
        </test-method> <!-- setup -->
        <test-method signature="RegisterUser()[pri:0, instance:com.AutomationTestCases.testscripts.E2eTestScript@4f6ee6e4]" started-at="2024-11-15T17:52:49 IST" name="RegisterUser" finished-at="2024-11-15T17:52:54 IST" duration-ms="5637" status="PASS">
          <reporter-output>
          </reporter-output>
        </test-method> <!-- RegisterUser -->
        <test-method is-config="true" signature="tearDown()[pri:0, instance:com.AutomationTestCases.testscripts.E2eTestScript@4f6ee6e4]" started-at="2024-11-15T17:52:54 IST" name="tearDown" finished-at="2024-11-15T17:52:55 IST" duration-ms="345" status="PASS">
          <reporter-output>
          </reporter-output>
        </test-method> <!-- tearDown -->
      </class> <!-- com.AutomationTestCases.testscripts.E2eTestScript -->
    </test> <!-- Test -->
  </suite> <!-- Suite -->
</testng-results>
