<?xml version="1.0" encoding="UTF-8"?>
<testng-results ignored="0" total="1" passed="1" failed="0" skipped="0">
  <reporter-output>
  </reporter-output>
  <suite started-at="2024-11-04T00:08:30 IST" name="Default suite" finished-at="2024-11-04T00:08:40 IST" duration-ms="9655">
    <groups>
    </groups>
    <test started-at="2024-11-04T00:08:30 IST" name="Default test" finished-at="2024-11-04T00:08:40 IST" duration-ms="9655">
      <class name="com.AutomationTestCases.testscripts.E2eTestScript">
        <test-method is-config="true" signature="setup()[pri:0, instance:com.AutomationTestCases.testscripts.E2eTestScript@6743e411]" started-at="2024-11-04T00:08:30 IST" name="setup" finished-at="2024-11-04T00:08:39 IST" duration-ms="9281" status="PASS">
          <reporter-output>
          </reporter-output>
        </test-method> <!-- setup -->
        <test-method signature="RegisterUser()[pri:0, instance:com.AutomationTestCases.testscripts.E2eTestScript@6743e411]" started-at="2024-11-04T00:08:39 IST" name="RegisterUser" finished-at="2024-11-04T00:08:40 IST" duration-ms="91" status="PASS">
          <reporter-output>
          </reporter-output>
        </test-method> <!-- RegisterUser -->
        <test-method is-config="true" signature="tearDown()[pri:0, instance:com.AutomationTestCases.testscripts.E2eTestScript@6743e411]" started-at="2024-11-04T00:08:40 IST" name="tearDown" finished-at="2024-11-04T00:08:40 IST" duration-ms="235" status="PASS">
          <reporter-output>
          </reporter-output>
        </test-method> <!-- tearDown -->
      </class> <!-- com.AutomationTestCases.testscripts.E2eTestScript -->
    </test> <!-- Default test -->
  </suite> <!-- Default suite -->
</testng-results>
