<?xml version="1.0" encoding="UTF-8"?>
<testng-results ignored="0" total="1" passed="1" failed="0" skipped="0">
  <reporter-output>
  </reporter-output>
  <suite started-at="2024-11-15T17:05:04 IST" name="Default suite" finished-at="2024-11-15T17:05:15 IST" duration-ms="11227">
    <groups>
    </groups>
    <test started-at="2024-11-15T17:05:04 IST" name="Default test" finished-at="2024-11-15T17:05:15 IST" duration-ms="11227">
      <class name="com.AutomationTestCases.testscripts.E2eTestScript">
        <test-method is-config="true" signature="setup()[pri:0, instance:com.AutomationTestCases.testscripts.E2eTestScript@3eb738bb]" started-at="2024-11-15T17:05:04 IST" name="setup" finished-at="2024-11-15T17:05:11 IST" duration-ms="6632" status="PASS">
          <reporter-output>
          </reporter-output>
        </test-method> <!-- setup -->
        <test-method signature="RegisterUser()[pri:0, instance:com.AutomationTestCases.testscripts.E2eTestScript@3eb738bb]" started-at="2024-11-15T17:05:11 IST" name="RegisterUser" finished-at="2024-11-15T17:05:15 IST" duration-ms="4142" status="PASS">
          <reporter-output>
          </reporter-output>
        </test-method> <!-- RegisterUser -->
        <test-method is-config="true" signature="tearDown()[pri:0, instance:com.AutomationTestCases.testscripts.E2eTestScript@3eb738bb]" started-at="2024-11-15T17:05:15 IST" name="tearDown" finished-at="2024-11-15T17:05:15 IST" duration-ms="400" status="PASS">
          <reporter-output>
          </reporter-output>
        </test-method> <!-- tearDown -->
      </class> <!-- com.AutomationTestCases.testscripts.E2eTestScript -->
    </test> <!-- Default test -->
  </suite> <!-- Default suite -->
</testng-results>
